  ConsoleApplication1.cpp
C:\Users\sasha\OneDrive\Desktop\project cpp winter\ConsoleApplication1\ConsoleApplication1\ConsoleApplication1.cpp(132,15): warning C4244: аргумент: преобразование "time_t" в "unsigned int", возможна потеря данных
C:\Users\sasha\OneDrive\Desktop\project cpp winter\ConsoleApplication1\ConsoleApplication1\ConsoleApplication1.cpp(216,28): warning C4244: +=: преобразование "double" в "float", возможна потеря данных
C:\Users\sasha\OneDrive\Desktop\project cpp winter\ConsoleApplication1\ConsoleApplication1\ConsoleApplication1.cpp(236,45): warning C4305: инициализация: усечение из "double" в "_Ty"
          with
          [
              _Ty=float
          ]
C:\Users\sasha\OneDrive\Desktop\project cpp winter\ConsoleApplication1\ConsoleApplication1\ConsoleApplication1.cpp(236,49): warning C4305: инициализация: усечение из "double" в "_Ty"
          with
          [
              _Ty=float
          ]
C:\Users\sasha\OneDrive\Desktop\project cpp winter\ConsoleApplication1\ConsoleApplication1\ConsoleApplication1.cpp(236,57): warning C4305: инициализация: усечение из "double" в "_Ty"
          with
          [
              _Ty=float
          ]
C:\Users\sasha\OneDrive\Desktop\project cpp winter\ConsoleApplication1\ConsoleApplication1\ConsoleApplication1.cpp(189,23): warning C4101: totalDelta: неиспользованная локальная переменная
  ConsoleApplication1.vcxproj -> C:\Users\sasha\OneDrive\Desktop\project cpp winter\ConsoleApplication1\x64\Debug\ConsoleApplication1.exe
